Info: Starting: Create block symbol file (.bsf)
Info: qsys-generate C:\Users\MatiOliva\Documents\00-ProyectosQuartus\coherent_average_tb\clocks.qsys --block-symbol-file --output-directory=C:\Users\MatiOliva\Documents\00-ProyectosQuartus\coherent_average_tb\clocks --family="Cyclone V" --part=5CSEMA5F31C6
Progress: Loading coherent_average_tb/clocks.qsys
Progress: Reading input file
Progress: Adding clk_0 [clock_source 17.1]
Progress: Parameterizing module clk_0
Progress: Adding pll_0 [altera_pll 17.1]
Progress: Parameterizing module pll_0
Progress: Building connections
Progress: Parameterizing connections
Progress: Validating
Progress: Done reading input file
Info: clocks.pll_0: The legal reference clock frequency is 5.0 MHz..800.0 MHz
Info: clocks.pll_0: Able to implement PLL with user settings
Info: qsys-generate succeeded.
Info: Finished: Create block symbol file (.bsf)
Info: 
Info: Starting: Create HDL design files for synthesis
Info: qsys-generate C:\Users\MatiOliva\Documents\00-ProyectosQuartus\coherent_average_tb\clocks.qsys --synthesis=VERILOG --output-directory=C:\Users\MatiOliva\Documents\00-ProyectosQuartus\coherent_average_tb\clocks\synthesis --family="Cyclone V" --part=5CSEMA5F31C6
Progress: Loading coherent_average_tb/clocks.qsys
Progress: Reading input file
Progress: Adding clk_0 [clock_source 17.1]
Progress: Parameterizing module clk_0
Progress: Adding pll_0 [altera_pll 17.1]
Progress: Parameterizing module pll_0
Progress: Building connections
Progress: Parameterizing connections
Progress: Validating
Progress: Done reading input file
Info: clocks.pll_0: The legal reference clock frequency is 5.0 MHz..800.0 MHz
Info: clocks.pll_0: Able to implement PLL with user settings
Info: clocks: Generating clocks "clocks" for QUARTUS_SYNTH
Info: pll_0: "clocks" instantiated altera_pll "pll_0"
Info: clocks: Done "clocks" with 2 modules, 3 files
Info: qsys-generate succeeded.
Info: Finished: Create HDL design files for synthesis
